High Performance MPEG 1.0/2.0/2.5 Audio Player for Layer 1, 2, and 3.
Version 0.3.2-1 (2012/03/25). Written and copyrights by Joe Drew,
now maintained by Nanakos Chrysostomos and others.
Uses code from various people. See 'README' for more!
THIS SOFTWARE COMES WITH ABSOLUTELY NO WARRANTY! USE AT YOUR OWN RISK!
tcgetattr(): Inappropriate ioctl for device

Playing MPEG stream from 1good.mp3 ...
MPEG 2.0 layer III, 32 kbit/s, 24000 Hz mono
                                                                            
[0:00] Decoding of 1good.mp3 finished.
High Performance MPEG 1.0/2.0/2.5 Audio Player for Layer 1, 2, and 3.
Version 0.3.2-1 (2012/03/25). Written and copyrights by Joe Drew,
now maintained by Nanakos Chrysostomos and others.
Uses code from various people. See 'README' for more!
THIS SOFTWARE COMES WITH ABSOLUTELY NO WARRANTY! USE AT YOUR OWN RISK!
tcgetattr(): Inappropriate ioctl for device

Playing MPEG stream from 2good.mp3 ...
MPEG 2.0 layer III, 32 kbit/s, 24000 Hz mono
                                                                            
[0:00] Decoding of 2good.mp3 finished.
High Performance MPEG 1.0/2.0/2.5 Audio Player for Layer 1, 2, and 3.
Version 0.3.2-1 (2012/03/25). Written and copyrights by Joe Drew,
now maintained by Nanakos Chrysostomos and others.
Uses code from various people. See 'README' for more!
THIS SOFTWARE COMES WITH ABSOLUTELY NO WARRANTY! USE AT YOUR OWN RISK!
tcgetattr(): Inappropriate ioctl for device

Playing MPEG stream from 3good.mp3 ...
MPEG 2.0 layer III, 32 kbit/s, 24000 Hz mono
                                                                            
[0:01] Decoding of 3good.mp3 finished.
High Performance MPEG 1.0/2.0/2.5 Audio Player for Layer 1, 2, and 3.
Version 0.3.2-1 (2012/03/25). Written and copyrights by Joe Drew,
now maintained by Nanakos Chrysostomos and others.
Uses code from various people. See 'README' for more!
THIS SOFTWARE COMES WITH ABSOLUTELY NO WARRANTY! USE AT YOUR OWN RISK!
tcgetattr(): Inappropriate ioctl for device

Playing MPEG stream from 4good.mp3 ...
MPEG 2.0 layer III, 32 kbit/s, 24000 Hz mono
                                                                            
[1:17] Decoding of 4good.mp3 finished.
High Performance MPEG 1.0/2.0/2.5 Audio Player for Layer 1, 2, and 3.
Version 0.3.2-1 (2012/03/25). Written and copyrights by Joe Drew,
now maintained by Nanakos Chrysostomos and others.
Uses code from various people. See 'README' for more!
THIS SOFTWARE COMES WITH ABSOLUTELY NO WARRANTY! USE AT YOUR OWN RISK!
tcgetattr(): Inappropriate ioctl for device

Playing MPEG stream from 5good.mp3 ...
MPEG 2.0 layer III, 32 kbit/s, 24000 Hz mono
                                                                            
[0:00] Decoding of 5good.mp3 finished.
High Performance MPEG 1.0/2.0/2.5 Audio Player for Layer 1, 2, and 3.
Version 0.3.2-1 (2012/03/25). Written and copyrights by Joe Drew,
now maintained by Nanakos Chrysostomos and others.
Uses code from various people. See 'README' for more!
THIS SOFTWARE COMES WITH ABSOLUTELY NO WARRANTY! USE AT YOUR OWN RISK!
tcgetattr(): Inappropriate ioctl for device

Playing MPEG stream from 6good.mp3 ...
MPEG 2.0 layer III, 32 kbit/s, 24000 Hz mono
                                                                            
[0:00] Decoding of 6good.mp3 finished.
High Performance MPEG 1.0/2.0/2.5 Audio Player for Layer 1, 2, and 3.
Version 0.3.2-1 (2012/03/25). Written and copyrights by Joe Drew,
now maintained by Nanakos Chrysostomos and others.
Uses code from various people. See 'README' for more!
THIS SOFTWARE COMES WITH ABSOLUTELY NO WARRANTY! USE AT YOUR OWN RISK!
tcgetattr(): Inappropriate ioctl for device

Playing MPEG stream from 7good.mp3 ...
MPEG 2.0 layer III, 32 kbit/s, 24000 Hz mono
High Performance MPEG 1.0/2.0/2.5 Audio Player for Layer 1, 2, and 3.
Version 0.3.2-1 (2012/03/25). Written and copyrights by Joe Drew,
now maintained by Nanakos Chrysostomos and others.
Uses code from various people. See 'README' for more!
THIS SOFTWARE COMES WITH ABSOLUTELY NO WARRANTY! USE AT YOUR OWN RISK!
tcgetattr(): Inappropriate ioctl for device

Playing MPEG stream from 8good.mp3 ...
MPEG 2.0 layer III, 32 kbit/s, 24000 Hz mono
                                                                            
[0:01] Decoding of 8good.mp3 finished.
                                                                            
[0:59] Decoding of 7good.mp3 finished.
High Performance MPEG 1.0/2.0/2.5 Audio Player for Layer 1, 2, and 3.
Version 0.3.2-1 (2012/03/25). Written and copyrights by Joe Drew,
now maintained by Nanakos Chrysostomos and others.
Uses code from various people. See 'README' for more!
THIS SOFTWARE COMES WITH ABSOLUTELY NO WARRANTY! USE AT YOUR OWN RISK!
tcgetattr(): Inappropriate ioctl for device

Playing MPEG stream from 9good.mp3 ...
MPEG 2.0 layer III, 32 kbit/s, 24000 Hz mono
                                                                            
[0:01] Decoding of 9good.mp3 finished.
High Performance MPEG 1.0/2.0/2.5 Audio Player for Layer 1, 2, and 3.
Version 0.3.2-1 (2012/03/25). Written and copyrights by Joe Drew,
now maintained by Nanakos Chrysostomos and others.
Uses code from various people. See 'README' for more!
THIS SOFTWARE COMES WITH ABSOLUTELY NO WARRANTY! USE AT YOUR OWN RISK!
tcgetattr(): Inappropriate ioctl for device

Playing MPEG stream from 10good.mp3 ...
MPEG 2.0 layer III, 32 kbit/s, 24000 Hz mono
                                                                            
[0:01] Decoding of 10good.mp3 finished.
High Performance MPEG 1.0/2.0/2.5 Audio Player for Layer 1, 2, and 3.
Version 0.3.2-1 (2012/03/25). Written and copyrights by Joe Drew,
now maintained by Nanakos Chrysostomos and others.
Uses code from various people. See 'README' for more!
THIS SOFTWARE COMES WITH ABSOLUTELY NO WARRANTY! USE AT YOUR OWN RISK!
tcgetattr(): Inappropriate ioctl for device

Playing MPEG stream from 11good.mp3 ...
MPEG 2.0 layer III, 32 kbit/s, 24000 Hz mono
                                                                            
[0:01] Decoding of 11good.mp3 finished.
High Performance MPEG 1.0/2.0/2.5 Audio Player for Layer 1, 2, and 3.
Version 0.3.2-1 (2012/03/25). Written and copyrights by Joe Drew,
now maintained by Nanakos Chrysostomos and others.
Uses code from various people. See 'README' for more!
THIS SOFTWARE COMES WITH ABSOLUTELY NO WARRANTY! USE AT YOUR OWN RISK!
tcgetattr(): Inappropriate ioctl for device

Playing MPEG stream from 12good.mp3 ...
MPEG 2.0 layer III, 32 kbit/s, 24000 Hz mono
                                                                            
[0:25] Decoding of 12good.mp3 finished.
High Performance MPEG 1.0/2.0/2.5 Audio Player for Layer 1, 2, and 3.
Version 0.3.2-1 (2012/03/25). Written and copyrights by Joe Drew,
now maintained by Nanakos Chrysostomos and others.
Uses code from various people. See 'README' for more!
THIS SOFTWARE COMES WITH ABSOLUTELY NO WARRANTY! USE AT YOUR OWN RISK!
tcgetattr(): Inappropriate ioctl for device

Playing MPEG stream from 13good.mp3 ...
MPEG 2.0 layer III, 32 kbit/s, 24000 Hz mono
                                                                            
[0:00] Decoding of 13good.mp3 finished.
High Performance MPEG 1.0/2.0/2.5 Audio Player for Layer 1, 2, and 3.
Version 0.3.2-1 (2012/03/25). Written and copyrights by Joe Drew,
now maintained by Nanakos Chrysostomos and others.
Uses code from various people. See 'README' for more!
THIS SOFTWARE COMES WITH ABSOLUTELY NO WARRANTY! USE AT YOUR OWN RISK!
tcgetattr(): Inappropriate ioctl for device

Playing MPEG stream from 14good.mp3 ...
MPEG 2.0 layer III, 32 kbit/s, 24000 Hz mono
                                                                            
[0:00] Decoding of 14good.mp3 finished.
High Performance MPEG 1.0/2.0/2.5 Audio Player for Layer 1, 2, and 3.
Version 0.3.2-1 (2012/03/25). Written and copyrights by Joe Drew,
now maintained by Nanakos Chrysostomos and others.
Uses code from various people. See 'README' for more!
THIS SOFTWARE COMES WITH ABSOLUTELY NO WARRANTY! USE AT YOUR OWN RISK!
tcgetattr(): Inappropriate ioctl for device

Playing MPEG stream from 15good.mp3 ...
MPEG 2.0 layer III, 32 kbit/s, 24000 Hz mono
                                                                            
[0:00] Decoding of 15good.mp3 finished.
High Performance MPEG 1.0/2.0/2.5 Audio Player for Layer 1, 2, and 3.
Version 0.3.2-1 (2012/03/25). Written and copyrights by Joe Drew,
now maintained by Nanakos Chrysostomos and others.
Uses code from various people. See 'README' for more!
THIS SOFTWARE COMES WITH ABSOLUTELY NO WARRANTY! USE AT YOUR OWN RISK!
tcgetattr(): Inappropriate ioctl for device

Playing MPEG stream from 16good.mp3 ...
MPEG 2.0 layer III, 32 kbit/s, 24000 Hz mono
                                                                            
[0:00] Decoding of 16good.mp3 finished.
High Performance MPEG 1.0/2.0/2.5 Audio Player for Layer 1, 2, and 3.
Version 0.3.2-1 (2012/03/25). Written and copyrights by Joe Drew,
now maintained by Nanakos Chrysostomos and others.
Uses code from various people. See 'README' for more!
THIS SOFTWARE COMES WITH ABSOLUTELY NO WARRANTY! USE AT YOUR OWN RISK!
tcgetattr(): Inappropriate ioctl for device

Playing MPEG stream from 17good.mp3 ...
MPEG 2.0 layer III, 32 kbit/s, 24000 Hz mono
                                                                            
[0:00] Decoding of 17good.mp3 finished.
High Performance MPEG 1.0/2.0/2.5 Audio Player for Layer 1, 2, and 3.
Version 0.3.2-1 (2012/03/25). Written and copyrights by Joe Drew,
now maintained by Nanakos Chrysostomos and others.
Uses code from various people. See 'README' for more!
THIS SOFTWARE COMES WITH ABSOLUTELY NO WARRANTY! USE AT YOUR OWN RISK!
tcgetattr(): Inappropriate ioctl for device

Playing MPEG stream from 18good.mp3 ...
MPEG 2.0 layer III, 32 kbit/s, 24000 Hz mono
                                                                            
[0:06] Decoding of 18good.mp3 finished.
High Performance MPEG 1.0/2.0/2.5 Audio Player for Layer 1, 2, and 3.
Version 0.3.2-1 (2012/03/25). Written and copyrights by Joe Drew,
now maintained by Nanakos Chrysostomos and others.
Uses code from various people. See 'README' for more!
THIS SOFTWARE COMES WITH ABSOLUTELY NO WARRANTY! USE AT YOUR OWN RISK!
tcgetattr(): Inappropriate ioctl for device

Playing MPEG stream from 19good.mp3 ...
MPEG 2.0 layer III, 32 kbit/s, 24000 Hz mono
                                                                            
[0:06] Decoding of 19good.mp3 finished.
